{
  "RSpec": {
    "coverage": {
      "/home/roger/pcf_scotzilla/Pcf_Tracker/app/controllers/application_controller.rb": [
        1,
        null,
        null
      ],
      "/home/roger/pcf_scotzilla/Pcf_Tracker/app/helpers/application_helper.rb": [
        1,
        1,
        null,
        null,
        1,
        0,
        0,
        0,
        null,
        0,
        null,
        null,
        null,
        1,
        0,
        0,
        0,
        0,
        null,
        null,
        1,
        0,
        null,
        null,
        1,
        0,
        null,
        null,
        1,
        0,
        null,
        null,
        1,
        0,
        0,
        0,
        0,
        0,
        null,
        null,
        null,
        1,
        18,
        18,
        18,
        null,
        null,
        18,
        null,
        18,
        null,
        18,
        null,
        18,
        null,
        18,
        null,
        null,
        1,
        2,
        2,
        2,
        2,
        2,
        null,
        2,
        2,
        2,
        2,
        1,
        1,
        1,
        1,
        1,
        1,
        null,
        1,
        1,
        1,
        1,
        1,
        null,
        2,
        null,
        null,
        null,
        1,
        6,
        6,
        6,
        null,
        null,
        6,
        6,
        null,
        6,
        6,
        null,
        6,
        6,
        102,
        81,
        77,
        77,
        null,
        4,
        null,
        null,
        null,
        21,
        1,
        2,
        1,
        1,
        6,
        1,
        null,
        5,
        5,
        5,
        null,
        null,
        1,
        null,
        null,
        1,
        null,
        20,
        17,
        17,
        null,
        null,
        null,
        null,
        null,
        6,
        6,
        6,
        0,
        null,
        6,
        2,
        null,
        6,
        6,
        null,
        null,
        null,
        1,
        null,
        null,
        6,
        null,
        6,
        null,
        6,
        null,
        null,
        1,
        null,
        null,
        4,
        null,
        4,
        null,
        4,
        null,
        null,
        1,
        null,
        null,
        6,
        null,
        6,
        null,
        6,
        null,
        null,
        null,
        null
      ],
      "/home/roger/pcf_scotzilla/Pcf_Tracker/app/helpers/containers_helper.rb": [
        1,
        null
      ],
      "/home/roger/pcf_scotzilla/Pcf_Tracker/app/helpers/repos_helper.rb": [
        1,
        null
      ],
      "/home/roger/pcf_scotzilla/Pcf_Tracker/app/helpers/welcome_helper.rb": [
        1,
        null
      ],
      "/home/roger/pcf_scotzilla/Pcf_Tracker/app/controllers/containers_controller.rb": [
        1,
        null,
        1,
        null,
        1,
        2,
        2,
        2,
        2,
        null,
        2,
        null,
        0,
        null,
        null,
        1,
        2,
        2,
        null,
        0,
        null,
        null,
        1,
        null,
        null,
        3,
        3,
        3,
        3,
        3,
        3,
        null,
        3,
        null,
        3,
        null,
        3,
        null,
        3,
        null,
        3,
        6,
        6,
        6,
        4,
        4,
        4,
        4,
        4,
        2,
        2,
        2,
        null,
        2,
        2,
        2,
        null,
        4,
        4,
        4,
        null,
        2,
        null,
        null,
        3,
        3,
        3,
        4,
        null,
        null,
        null,
        null,
        3,
        null,
        null,
        3,
        null,
        3,
        3,
        2,
        null,
        null,
        1,
        null,
        null,
        null,
        3,
        null,
        0,
        null,
        null,
        1,
        4,
        4,
        1,
        1,
        null,
        null,
        null,
        null,
        1,
        1,
        1,
        1,
        1,
        1,
        null,
        1,
        null,
        0,
        null,
        null,
        null,
        1,
        1,
        1,
        null,
        null,
        1,
        1,
        1,
        1,
        1,
        2,
        2,
        2,
        1,
        null,
        null,
        1,
        1,
        null,
        0,
        null,
        null,
        null,
        1,
        3,
        3,
        3,
        3,
        3,
        3,
        3,
        2,
        2,
        2,
        2,
        1,
        1,
        null,
        null,
        null,
        null,
        null,
        2,
        null,
        null,
        2,
        null,
        2,
        1,
        null,
        1,
        null,
        null,
        null,
        1,
        null,
        3,
        null,
        0,
        null,
        null,
        null,
        1,
        6,
        6,
        6,
        6,
        1,
        null,
        null,
        null,
        null,
        1,
        null,
        9,
        9,
        null,
        null,
        null,
        1,
        1,
        1,
        1,
        1,
        1,
        1,
        1,
        1,
        1,
        1,
        null,
        0,
        null,
        null,
        null,
        null
      ],
      "/home/roger/pcf_scotzilla/Pcf_Tracker/app/models/container.rb": [
        1,
        1,
        null,
        1,
        1,
        null,
        1,
        1,
        null,
        1,
        null,
        null,
        null,
        null,
        1,
        null,
        null,
        null,
        null,
        null,
        1,
        1,
        null,
        1,
        1,
        null,
        null
      ],
      "/home/roger/pcf_scotzilla/Pcf_Tracker/app/controllers/products_controller.rb": [
        1,
        null,
        1,
        2,
        2,
        2,
        2,
        2,
        2,
        null,
        2,
        4,
        4,
        4,
        4,
        4,
        4,
        3,
        null,
        1,
        null,
        4,
        null,
        4,
        1,
        1,
        2,
        2,
        2,
        1,
        null,
        1,
        null,
        2,
        2,
        1,
        null,
        null,
        1,
        1,
        0,
        null,
        null,
        3,
        3,
        2,
        null,
        null,
        null,
        2,
        2,
        null,
        0,
        null,
        null,
        1,
        1,
        1,
        1,
        2,
        null,
        1,
        1,
        null,
        0,
        null,
        null,
        1,
        1,
        1,
        1,
        null,
        0,
        null,
        null,
        1,
        1,
        1,
        1,
        null,
        0,
        null,
        null,
        1,
        1,
        1,
        1,
        null,
        0,
        null,
        null,
        1,
        2,
        2,
        null,
        0,
        null,
        null,
        null,
        null,
        null,
        null,
        null,
        null,
        null,
        1,
        2,
        2,
        2,
        null,
        0,
        null,
        null,
        null,
        1,
        1,
        1,
        1,
        1,
        1,
        1,
        null,
        1,
        6,
        6,
        3,
        3,
        3,
        3,
        3,
        3,
        null,
        3,
        3,
        3,
        3,
        3,
        1,
        null,
        3,
        null,
        3,
        3,
        3,
        3,
        1,
        null,
        3,
        null,
        3,
        3,
        1,
        null,
        1,
        null,
        1,
        null,
        null,
        3,
        3,
        0,
        null,
        3,
        null,
        3,
        null,
        3,
        3,
        3,
        null,
        3,
        3,
        3,
        3,
        1,
        null,
        3,
        null,
        3,
        3,
        1,
        null,
        1,
        null,
        1,
        null,
        null,
        3,
        3,
        null,
        6,
        5,
        null,
        6,
        null,
        1,
        1,
        null,
        0,
        null,
        null,
        null,
        1,
        16,
        16,
        16,
        16,
        16,
        1,
        1,
        null,
        15,
        15,
        null,
        null,
        null,
        null,
        1,
        1,
        1,
        1,
        1,
        1,
        1,
        1,
        1,
        1,
        1,
        null,
        1,
        1,
        null,
        0,
        null,
        null,
        null,
        1,
        1,
        1,
        null,
        0,
        null,
        null,
        null,
        null,
        null
      ],
      "/home/roger/pcf_scotzilla/Pcf_Tracker/app/models/product.rb": [
        1,
        1,
        null,
        null,
        1,
        1,
        null,
        1,
        1,
        1,
        null,
        1,
        1,
        null,
        1,
        null,
        null,
        null,
        null,
        1,
        null,
        null,
        null,
        null,
        null,
        1,
        null,
        null,
        null,
        null,
        1,
        1,
        null,
        1,
        1,
        null,
        null,
        1,
        17,
        null,
        17,
        null,
        null,
        1,
        2,
        null,
        2,
        null,
        null,
        null,
        1,
        2,
        null,
        null,
        null,
        null,
        2,
        null,
        null,
        1,
        2,
        null,
        null,
        null,
        null,
        2,
        null,
        null,
        1,
        2,
        null,
        null,
        null,
        null,
        2,
        null,
        null,
        1,
        5,
        null,
        null,
        null,
        null,
        5,
        null,
        null,
        1,
        4,
        null,
        null,
        null,
        null,
        4,
        null,
        null,
        1,
        3,
        null,
        null,
        null,
        null,
        3,
        null,
        null,
        null,
        1,
        6,
        null,
        6,
        null,
        null,
        null
      ],
      "/home/roger/pcf_scotzilla/Pcf_Tracker/app/controllers/repos_controller.rb": [
        1,
        null,
        1,
        null,
        null,
        null,
        null,
        null,
        null,
        null,
        null,
        null,
        null,
        null,
        null,
        null,
        null,
        1,
        2,
        2,
        2,
        null,
        2,
        null,
        2,
        null,
        0,
        null,
        null,
        1,
        2,
        2,
        null,
        0,
        null,
        null,
        1,
        null,
        null,
        7,
        7,
        7,
        7,
        null,
        7,
        null,
        7,
        null,
        7,
        null,
        7,
        null,
        7,
        16,
        16,
        16,
        6,
        null,
        4,
        null,
        6,
        null,
        16,
        16,
        9,
        9,
        9,
        9,
        9,
        6,
        6,
        null,
        3,
        3,
        null,
        9,
        9,
        9,
        9,
        null,
        7,
        null,
        null,
        null,
        7,
        7,
        7,
        9,
        null,
        null,
        null,
        7,
        7,
        4,
        null,
        null,
        3,
        null,
        null,
        null,
        7,
        null,
        0,
        null,
        null,
        1,
        8,
        8,
        1,
        1,
        null,
        null,
        null,
        null,
        1,
        1,
        1,
        1,
        1,
        1,
        null,
        1,
        null,
        0,
        null,
        null,
        null,
        1,
        1,
        1,
        null,
        1,
        1,
        1,
        1,
        1,
        2,
        2,
        2,
        1,
        null,
        null,
        1,
        1,
        null,
        0,
        null,
        null,
        null,
        1,
        3,
        3,
        3,
        2,
        null,
        null,
        null,
        null,
        1,
        null,
        6,
        6,
        null,
        null,
        null,
        1,
        1,
        1,
        1,
        1,
        1,
        1,
        1,
        1,
        1,
        null,
        1,
        1,
        1,
        null,
        0,
        null,
        null,
        1,
        3,
        3,
        3,
        3,
        3,
        3,
        2,
        2,
        3,
        3,
        2,
        null,
        2,
        2,
        null,
        null,
        null,
        null,
        2,
        1,
        null,
        1,
        null,
        null,
        1,
        null,
        3,
        null,
        0,
        null,
        null,
        1,
        4,
        4,
        4,
        4,
        3,
        3,
        null,
        3,
        null,
        3,
        2,
        2,
        2,
        2,
        2,
        2,
        2,
        1,
        1,
        1,
        null,
        null,
        null,
        null,
        null,
        2,
        null,
        null,
        2,
        null,
        2,
        1,
        null,
        1,
        null,
        null,
        1,
        null,
        null,
        1,
        null,
        4,
        null,
        0,
        null,
        null,
        null
      ],
      "/home/roger/pcf_scotzilla/Pcf_Tracker/app/models/repo.rb": [
        1,
        1,
        null,
        1,
        1,
        null,
        1,
        1,
        1,
        null,
        1,
        1,
        null,
        1,
        null,
        null,
        null,
        null,
        1,
        null,
        null,
        null,
        null,
        null,
        1,
        null,
        null,
        null,
        null,
        1,
        1,
        null,
        1,
        1,
        null,
        null
      ],
      "/home/roger/pcf_scotzilla/Pcf_Tracker/app/controllers/welcome_controller.rb": [
        1,
        1,
        null,
        null
      ],
      "/home/roger/pcf_scotzilla/Pcf_Tracker/app/models/container_package.rb": [
        1,
        1,
        null,
        1,
        1,
        null,
        1,
        1,
        null,
        1,
        null,
        null,
        null,
        null,
        1,
        null,
        null,
        null,
        null,
        1,
        null,
        1,
        6,
        10,
        null,
        null,
        null,
        null
      ],
      "/home/roger/pcf_scotzilla/Pcf_Tracker/app/models/repo_package.rb": [
        null,
        1,
        1,
        null,
        1,
        1,
        null,
        1,
        1,
        null,
        1,
        null,
        null,
        null,
        null,
        1,
        null,
        null,
        null,
        null,
        1,
        null,
        1,
        10,
        6,
        7,
        1,
        null,
        null
      ]
    },
    "timestamp": 1396580896
  }
}
